c:\users\michael\documents\github\rtcw-pro\src\debug\vc141.pdb
c:\users\michael\documents\github\rtcw-pro\src\debug\vc141.idb
c:\users\michael\documents\github\rtcw-pro\src\debug\cl_cgame.sbr
c:\users\michael\documents\github\rtcw-pro\src\debug\cl_cin.sbr
c:\users\michael\documents\github\rtcw-pro\src\debug\cl_console.sbr
c:\users\michael\documents\github\rtcw-pro\src\debug\cl_input.sbr
c:\users\michael\documents\github\rtcw-pro\src\debug\cl_keys.sbr
c:\users\michael\documents\github\rtcw-pro\src\debug\cl_main.sbr
c:\users\michael\documents\github\rtcw-pro\src\debug\cl_net_chan.sbr
c:\users\michael\documents\github\rtcw-pro\src\debug\cl_parse.sbr
c:\users\michael\documents\github\rtcw-pro\src\debug\cl_scrn.sbr
c:\users\michael\documents\github\rtcw-pro\src\debug\cl_ui.sbr
c:\users\michael\documents\github\rtcw-pro\src\debug\snd_adpcm.sbr
c:\users\michael\documents\github\rtcw-pro\src\debug\snd_dma.sbr
c:\users\michael\documents\github\rtcw-pro\src\debug\snd_mem.sbr
c:\users\michael\documents\github\rtcw-pro\src\debug\snd_mix.sbr
c:\users\michael\documents\github\rtcw-pro\src\debug\snd_wavelet.sbr
c:\users\michael\documents\github\rtcw-pro\src\debug\q_math.sbr
c:\users\michael\documents\github\rtcw-pro\src\debug\q_shared.sbr
c:\users\michael\documents\github\rtcw-pro\src\debug\cmd.sbr
c:\users\michael\documents\github\rtcw-pro\src\debug\cm_load.sbr
c:\users\michael\documents\github\rtcw-pro\src\debug\cm_patch.sbr
c:\users\michael\documents\github\rtcw-pro\src\debug\cm_patch.obj
c:\users\michael\documents\github\rtcw-pro\src\debug\cm_load.obj
c:\users\michael\documents\github\rtcw-pro\src\debug\cmd.obj
c:\users\michael\documents\github\rtcw-pro\src\debug\q_shared.obj
c:\users\michael\documents\github\rtcw-pro\src\debug\q_math.obj
c:\users\michael\documents\github\rtcw-pro\src\debug\snd_wavelet.obj
c:\users\michael\documents\github\rtcw-pro\src\debug\snd_mix.obj
c:\users\michael\documents\github\rtcw-pro\src\debug\snd_mem.obj
c:\users\michael\documents\github\rtcw-pro\src\debug\snd_dma.obj
c:\users\michael\documents\github\rtcw-pro\src\debug\snd_adpcm.obj
c:\users\michael\documents\github\rtcw-pro\src\debug\cl_ui.obj
c:\users\michael\documents\github\rtcw-pro\src\debug\cl_scrn.obj
c:\users\michael\documents\github\rtcw-pro\src\debug\cl_parse.obj
c:\users\michael\documents\github\rtcw-pro\src\debug\cl_net_chan.obj
c:\users\michael\documents\github\rtcw-pro\src\debug\cl_main.obj
c:\users\michael\documents\github\rtcw-pro\src\debug\cl_keys.obj
c:\users\michael\documents\github\rtcw-pro\src\debug\cl_input.obj
c:\users\michael\documents\github\rtcw-pro\src\debug\cl_console.obj
c:\users\michael\documents\github\rtcw-pro\src\debug\cl_cin.obj
c:\users\michael\documents\github\rtcw-pro\src\debug\cl_cgame.obj
c:\users\michael\documents\github\rtcw-pro\src\debug\cm_polylib.sbr
c:\users\michael\documents\github\rtcw-pro\src\debug\cm_test.sbr
c:\users\michael\documents\github\rtcw-pro\src\debug\cm_trace.sbr
c:\users\michael\documents\github\rtcw-pro\src\debug\common.sbr
c:\users\michael\documents\github\rtcw-pro\src\debug\cvar.sbr
c:\users\michael\documents\github\rtcw-pro\src\debug\files.sbr
c:\users\michael\documents\github\rtcw-pro\src\debug\huffman.sbr
c:\users\michael\documents\github\rtcw-pro\src\debug\md4.sbr
c:\users\michael\documents\github\rtcw-pro\src\debug\msg.sbr
c:\users\michael\documents\github\rtcw-pro\src\debug\net_chan.sbr
c:\users\michael\documents\github\rtcw-pro\src\debug\unzip.sbr
c:\users\michael\documents\github\rtcw-pro\src\debug\vm.sbr
c:\users\michael\documents\github\rtcw-pro\src\debug\vm_interpreted.sbr
c:\users\michael\documents\github\rtcw-pro\src\debug\vm_x86.sbr
c:\users\michael\documents\github\rtcw-pro\src\debug\sv_bot.sbr
c:\users\michael\documents\github\rtcw-pro\src\debug\sv_ccmds.sbr
c:\users\michael\documents\github\rtcw-pro\src\debug\sv_client.sbr
c:\users\michael\documents\github\rtcw-pro\src\debug\sv_game.sbr
c:\users\michael\documents\github\rtcw-pro\src\debug\sv_init.sbr
c:\users\michael\documents\github\rtcw-pro\src\debug\sv_main.sbr
c:\users\michael\documents\github\rtcw-pro\src\debug\sv_main.obj
c:\users\michael\documents\github\rtcw-pro\src\debug\sv_init.obj
c:\users\michael\documents\github\rtcw-pro\src\debug\sv_game.obj
c:\users\michael\documents\github\rtcw-pro\src\debug\sv_client.obj
c:\users\michael\documents\github\rtcw-pro\src\debug\sv_ccmds.obj
c:\users\michael\documents\github\rtcw-pro\src\debug\sv_bot.obj
c:\users\michael\documents\github\rtcw-pro\src\debug\vm_x86.obj
c:\users\michael\documents\github\rtcw-pro\src\debug\vm_interpreted.obj
c:\users\michael\documents\github\rtcw-pro\src\debug\vm.obj
c:\users\michael\documents\github\rtcw-pro\src\debug\unzip.obj
c:\users\michael\documents\github\rtcw-pro\src\debug\net_chan.obj
c:\users\michael\documents\github\rtcw-pro\src\debug\msg.obj
c:\users\michael\documents\github\rtcw-pro\src\debug\md4.obj
c:\users\michael\documents\github\rtcw-pro\src\debug\huffman.obj
c:\users\michael\documents\github\rtcw-pro\src\debug\files.obj
c:\users\michael\documents\github\rtcw-pro\src\debug\cvar.obj
c:\users\michael\documents\github\rtcw-pro\src\debug\common.obj
c:\users\michael\documents\github\rtcw-pro\src\debug\cm_trace.obj
c:\users\michael\documents\github\rtcw-pro\src\debug\cm_test.obj
c:\users\michael\documents\github\rtcw-pro\src\debug\cm_polylib.obj
c:\users\michael\documents\github\rtcw-pro\src\debug\sv_net_chan.sbr
c:\users\michael\documents\github\rtcw-pro\src\debug\sv_snapshot.sbr
c:\users\michael\documents\github\rtcw-pro\src\debug\sv_world.sbr
c:\users\michael\documents\github\rtcw-pro\src\debug\win_input.sbr
c:\users\michael\documents\github\rtcw-pro\src\debug\win_main.sbr
c:\users\michael\documents\github\rtcw-pro\src\debug\win_net.sbr
c:\users\michael\documents\github\rtcw-pro\src\debug\win_shared.sbr
c:\users\michael\documents\github\rtcw-pro\src\debug\win_snd.sbr
c:\users\michael\documents\github\rtcw-pro\src\debug\win_syscon.sbr
c:\users\michael\documents\github\rtcw-pro\src\debug\win_wndproc.sbr
c:\users\michael\documents\github\rtcw-pro\src\debug\win_wndproc.obj
c:\users\michael\documents\github\rtcw-pro\src\debug\win_syscon.obj
c:\users\michael\documents\github\rtcw-pro\src\debug\win_snd.obj
c:\users\michael\documents\github\rtcw-pro\src\debug\win_shared.obj
c:\users\michael\documents\github\rtcw-pro\src\debug\win_net.obj
c:\users\michael\documents\github\rtcw-pro\src\debug\win_main.obj
c:\users\michael\documents\github\rtcw-pro\src\debug\win_input.obj
c:\users\michael\documents\github\rtcw-pro\src\debug\sv_world.obj
c:\users\michael\documents\github\rtcw-pro\src\debug\sv_snapshot.obj
c:\users\michael\documents\github\rtcw-pro\src\debug\sv_net_chan.obj
c:\users\michael\documents\github\rtcw-pro\src\debug\wolf.tlog\cl.command.1.tlog
c:\users\michael\documents\github\rtcw-pro\src\debug\wolf.tlog\cl.read.1.tlog
c:\users\michael\documents\github\rtcw-pro\src\debug\wolf.tlog\cl.write.1.tlog
c:\users\michael\documents\github\rtcw-pro\src\debug\wolf.tlog\link.command.1.tlog
c:\users\michael\documents\github\rtcw-pro\src\debug\wolf.tlog\link.read.1.tlog
c:\users\michael\documents\github\rtcw-pro\src\debug\wolf.tlog\link.write.1.tlog
