  be_aas_bspq3.c
  be_aas_cluster.c
  be_aas_debug.c
  be_aas_entity.c
  be_aas_file.c
  be_aas_main.c
  be_aas_move.c
  be_aas_optimize.c
  be_aas_reach.c
  be_aas_route.c
  be_aas_routealt.c
  be_aas_routetable.c
  be_aas_sample.c
  be_ai_char.c
  be_ai_chat.c
  be_ai_gen.c
  be_ai_goal.c
  be_ai_move.c
  be_ai_weap.c
  be_ai_weight.c
  Generating Code...
  Compiling...
  be_ea.c
  be_interface.c
  l_crc.c
  l_libvar.c
  l_log.c
  l_memory.c
  l_precomp.c
c:\users\michael\documents\github\wolfpro\botlib\l_precomp.c(731): warning C4133: 'function': incompatible types - from 'unsigned long *' to 'const time_t *const '
c:\users\michael\documents\github\wolfpro\botlib\l_precomp.c(746): warning C4133: 'function': incompatible types - from 'unsigned long *' to 'const time_t *const '
  l_script.c
  l_struct.c
  Generating Code...
  botlib.vcxproj -> C:\Users\Michael\Documents\GitHub\wolfpro\botlib\.\Debug\botlib.lib
