c:\users\michael\documents\github\rtcw-pro\src\debug_dedicated\wolfded.bsc
c:\users\michael\documents\github\rtcw-pro\src\debug_dedicated\vc141.pdb
c:\users\michael\documents\github\rtcw-pro\src\debug_dedicated\vc141.idb
c:\users\michael\documents\github\rtcw-pro\src\debug_dedicated\q_math.sbr
c:\users\michael\documents\github\rtcw-pro\src\debug_dedicated\q_shared.sbr
c:\users\michael\documents\github\rtcw-pro\src\debug_dedicated\null_client.sbr
c:\users\michael\documents\github\rtcw-pro\src\debug_dedicated\null_input.sbr
c:\users\michael\documents\github\rtcw-pro\src\debug_dedicated\null_snddma.sbr
c:\users\michael\documents\github\rtcw-pro\src\debug_dedicated\cmd.sbr
c:\users\michael\documents\github\rtcw-pro\src\debug_dedicated\cm_load.sbr
c:\users\michael\documents\github\rtcw-pro\src\debug_dedicated\cm_patch.sbr
c:\users\michael\documents\github\rtcw-pro\src\debug_dedicated\cm_polylib.sbr
c:\users\michael\documents\github\rtcw-pro\src\debug_dedicated\cm_test.sbr
c:\users\michael\documents\github\rtcw-pro\src\debug_dedicated\cm_trace.sbr
c:\users\michael\documents\github\rtcw-pro\src\debug_dedicated\common.sbr
c:\users\michael\documents\github\rtcw-pro\src\debug_dedicated\cvar.sbr
c:\users\michael\documents\github\rtcw-pro\src\debug_dedicated\files.sbr
c:\users\michael\documents\github\rtcw-pro\src\debug_dedicated\huffman.sbr
c:\users\michael\documents\github\rtcw-pro\src\debug_dedicated\md4.sbr
c:\users\michael\documents\github\rtcw-pro\src\debug_dedicated\msg.sbr
c:\users\michael\documents\github\rtcw-pro\src\debug_dedicated\net_chan.sbr
c:\users\michael\documents\github\rtcw-pro\src\debug_dedicated\unzip.sbr
c:\users\michael\documents\github\rtcw-pro\src\debug_dedicated\vm.sbr
c:\users\michael\documents\github\rtcw-pro\src\debug_dedicated\vm.obj
c:\users\michael\documents\github\rtcw-pro\src\debug_dedicated\unzip.obj
c:\users\michael\documents\github\rtcw-pro\src\debug_dedicated\net_chan.obj
c:\users\michael\documents\github\rtcw-pro\src\debug_dedicated\msg.obj
c:\users\michael\documents\github\rtcw-pro\src\debug_dedicated\md4.obj
c:\users\michael\documents\github\rtcw-pro\src\debug_dedicated\huffman.obj
c:\users\michael\documents\github\rtcw-pro\src\debug_dedicated\files.obj
c:\users\michael\documents\github\rtcw-pro\src\debug_dedicated\cvar.obj
c:\users\michael\documents\github\rtcw-pro\src\debug_dedicated\common.obj
c:\users\michael\documents\github\rtcw-pro\src\debug_dedicated\cm_trace.obj
c:\users\michael\documents\github\rtcw-pro\src\debug_dedicated\cm_test.obj
c:\users\michael\documents\github\rtcw-pro\src\debug_dedicated\cm_polylib.obj
c:\users\michael\documents\github\rtcw-pro\src\debug_dedicated\cm_patch.obj
c:\users\michael\documents\github\rtcw-pro\src\debug_dedicated\cm_load.obj
c:\users\michael\documents\github\rtcw-pro\src\debug_dedicated\cmd.obj
c:\users\michael\documents\github\rtcw-pro\src\debug_dedicated\null_snddma.obj
c:\users\michael\documents\github\rtcw-pro\src\debug_dedicated\null_input.obj
c:\users\michael\documents\github\rtcw-pro\src\debug_dedicated\null_client.obj
c:\users\michael\documents\github\rtcw-pro\src\debug_dedicated\q_shared.obj
c:\users\michael\documents\github\rtcw-pro\src\debug_dedicated\q_math.obj
c:\users\michael\documents\github\rtcw-pro\src\debug_dedicated\vm_interpreted.sbr
c:\users\michael\documents\github\rtcw-pro\src\debug_dedicated\vm_x86.sbr
c:\users\michael\documents\github\rtcw-pro\src\debug_dedicated\sv_bot.sbr
c:\users\michael\documents\github\rtcw-pro\src\debug_dedicated\sv_ccmds.sbr
c:\users\michael\documents\github\rtcw-pro\src\debug_dedicated\sv_client.sbr
c:\users\michael\documents\github\rtcw-pro\src\debug_dedicated\sv_game.sbr
c:\users\michael\documents\github\rtcw-pro\src\debug_dedicated\sv_init.sbr
c:\users\michael\documents\github\rtcw-pro\src\debug_dedicated\sv_main.sbr
c:\users\michael\documents\github\rtcw-pro\src\debug_dedicated\sv_net_chan.sbr
c:\users\michael\documents\github\rtcw-pro\src\debug_dedicated\sv_snapshot.sbr
c:\users\michael\documents\github\rtcw-pro\src\debug_dedicated\sv_world.sbr
c:\users\michael\documents\github\rtcw-pro\src\debug_dedicated\win_main.sbr
c:\users\michael\documents\github\rtcw-pro\src\debug_dedicated\win_net.sbr
c:\users\michael\documents\github\rtcw-pro\src\debug_dedicated\win_shared.sbr
c:\users\michael\documents\github\rtcw-pro\src\debug_dedicated\win_syscon.sbr
c:\users\michael\documents\github\rtcw-pro\src\debug_dedicated\win_wndproc.sbr
c:\users\michael\documents\github\rtcw-pro\src\debug_dedicated\win_wndproc.obj
c:\users\michael\documents\github\rtcw-pro\src\debug_dedicated\win_syscon.obj
c:\users\michael\documents\github\rtcw-pro\src\debug_dedicated\win_shared.obj
c:\users\michael\documents\github\rtcw-pro\src\debug_dedicated\win_net.obj
c:\users\michael\documents\github\rtcw-pro\src\debug_dedicated\win_main.obj
c:\users\michael\documents\github\rtcw-pro\src\debug_dedicated\sv_world.obj
c:\users\michael\documents\github\rtcw-pro\src\debug_dedicated\sv_snapshot.obj
c:\users\michael\documents\github\rtcw-pro\src\debug_dedicated\sv_net_chan.obj
c:\users\michael\documents\github\rtcw-pro\src\debug_dedicated\sv_main.obj
c:\users\michael\documents\github\rtcw-pro\src\debug_dedicated\sv_init.obj
c:\users\michael\documents\github\rtcw-pro\src\debug_dedicated\sv_game.obj
c:\users\michael\documents\github\rtcw-pro\src\debug_dedicated\sv_client.obj
c:\users\michael\documents\github\rtcw-pro\src\debug_dedicated\sv_ccmds.obj
c:\users\michael\documents\github\rtcw-pro\src\debug_dedicated\sv_bot.obj
c:\users\michael\documents\github\rtcw-pro\src\debug_dedicated\vm_x86.obj
c:\users\michael\documents\github\rtcw-pro\src\debug_dedicated\vm_interpreted.obj
c:\users\michael\documents\github\rtcw-pro\src\debug_dedicated\wolfded.exe
c:\users\michael\documents\github\rtcw-pro\src\debug_dedicated\wolfded.map
c:\users\michael\documents\github\rtcw-pro\src\debug_dedicated\wolfded.pdb
c:\users\michael\documents\github\rtcw-pro\src\.\debug_dedicated\wolfded.exe
c:\users\michael\documents\github\rtcw-pro\src\debug_dedicated\wolf.tlog\bscmake.command.1.tlog
c:\users\michael\documents\github\rtcw-pro\src\debug_dedicated\wolf.tlog\bscmake.read.1.tlog
c:\users\michael\documents\github\rtcw-pro\src\debug_dedicated\wolf.tlog\bscmake.write.1.tlog
c:\users\michael\documents\github\rtcw-pro\src\debug_dedicated\wolf.tlog\cl.command.1.tlog
c:\users\michael\documents\github\rtcw-pro\src\debug_dedicated\wolf.tlog\cl.read.1.tlog
c:\users\michael\documents\github\rtcw-pro\src\debug_dedicated\wolf.tlog\cl.write.1.tlog
c:\users\michael\documents\github\rtcw-pro\src\debug_dedicated\wolf.tlog\link.command.1.tlog
c:\users\michael\documents\github\rtcw-pro\src\debug_dedicated\wolf.tlog\link.read.1.tlog
c:\users\michael\documents\github\rtcw-pro\src\debug_dedicated\wolf.tlog\link.write.1.tlog
